135
97
97
53
107
138
155
80
69
80
99
170
83
24
118
135
139
34
158
113
43
107
69
54
167
86
150
46
70
136
154
21
111
147
112
128
116
99
135
148
81
107
87
113
64
121
111
88
83
63
53
77
79
93
108
90
105
103
136
56
149
128
107
105
139
34
59
107
134
47
100
114
139
101
119
63
44
51
113
135
173
150
134
149
128
64
72
112
64
126
97
112
71
176
180
138
13
36
37
147
167
116
117
95
36
97
125
117
115
62
70
144
157
182
89
73
83
65
71
89
121
56
84
66
104
82
104
75
151
53
65
144
86
117
67
94
129
165
121
178
122
155
131
97
126
118
88
56
90
135
107
27
136
126
71
175
93
106
145
90
66
104
100
125
134
112
13
84
105
109
194
171
115
35
46
94
160
98
93
30
55
141
48
103
99
33
122
99
90
83
148
105
71
126
94
90
46
38
26
170
71
172
41
81
113
79
134
112
166
99
147
139
74
136
17
37
99
37
113
100
150
133
131
111
76
110
43
60
93
54
87
10
124
67
79
158
139
73
135
99
85
158
46
128
111
111
56
105
79
52
106
155
177
161
126
62
144
103
98
111
147
55
174
32
78
99
116
136
74
16
118
108
160
79
169
27
180
94
132
179
88
133
121
125
72
54
172
32
102
82
180
127
175
152
85
75
146
73
112
68
127
123
97
180
65
168
126
112
109
114
171
97
94
89
123
61
112
98
124
129
93
173
108
45
107
143
57
111
61
160
20
107
84
141
161
140
151
150
76
157
167
58
94
162
79
104
116
122
134
145
127
112
54
41
92
46
115
117
189
80
28
108
31
142
79
113
77
134
63
100
59
92
93
46
89
90
23
123
114
124
51
18
150
53
61
43
7
98
123
32
92
93
165
92
143
96
100
96
68
91
100
128
106
126
127
97
109
110
108
140
137
103
165
113
96
84
154
119
96
100
83
155
153
86
124
75
75
170
42
85
182
162
39
89
143
102
115
77
51
108
142
78
123
109
100
117
177
140
138
159
99
130
9
92
74
81
61
142
68
65
77
98
146
68
86
167
100
172
102
58
120
116
128
70
36
16
136
91
63
110
72
40
50
102
146
107
132
181
34
69
110
132
143
103
101
132
112
53
120
84
11
6
